INST game_state_machine__GB4 PIN 214: INST game_state_machine__GB2 PIN 26 TYPE 5
INST game_state_machine__GB4 PIN 215: INST game_state_machine__GB2 PIN 27 TYPE 5
INST game_state_machine__GB4 PIN 216: INST game_state_machine__GB2 PIN 28 TYPE 5
INST game_state_machine__GB4 PIN 217: INST game_state_machine__GB2 PIN 29 TYPE 5
INST game_state_machine__GB4 PIN 218: INST game_state_machine__GB2 PIN 30 TYPE 5
INST game_state_machine__GB4 PIN 219: INST game_state_machine__GB2 PIN 31 TYPE 5
INST game_state_machine__GB4 PIN 795: INST NON_GENOME PIN 43 TYPE 5
INST game_state_machine__GB2 PIN 681: INST mb_usb_hdmi_top__GC0 PIN 80 TYPE 5
INST game_state_machine__GB2 PIN 690: INST mb_usb_hdmi_top__GC0 PIN 69 TYPE 5
INST game_state_machine__GB2 PIN 691: INST mb_usb_hdmi_top__GC0 PIN 70 TYPE 5
INST game_state_machine__GB2 PIN 0: INST game_state_machine__GB2 PIN 1 TYPE 2 INST game_state_machine__GB0 PIN 663 TYPE 4
INST mb_usb_hdmi_top__GC0 PIN 66: INST game_state_machine__GB2 PIN 24 TYPE 3 INST game_state_machine__GB4 PIN 812 TYPE 4
INST mb_usb_hdmi_top__GC0 PIN 0: INST NON_GENOME PIN 13 TYPE 1 GENOME mb_usb_hdmi_top__GC0 PIN 0
INST mb_usb_hdmi_top__GC0 PIN 1: INST NON_GENOME PIN 14 TYPE 1 GENOME mb_usb_hdmi_top__GC0 PIN 1
INST mb_usb_hdmi_top__GC0 PIN 2: INST mb_usb_hdmi_top__GC0 PIN 3 TYPE 2 INST NON_GENOME PIN 16 TYPE 4 INST mb_usb_hdmi_top__GC0 PIN 4 TYPE 2 INST NON_GENOME PIN 17 TYPE 4 INST mb_usb_hdmi_top__GC0 PIN 7 TYPE 2 INST NON_GENOME PIN 20 TYPE 4
INST NON_GENOME PIN 38: INST mb_usb_hdmi_top__GC0 PIN 5 TYPE 3 INST mb_usb_hdmi_top__GC0 PIN 6 TYPE 3 INST mb_usb_hdmi_top__GC0 PIN 14 TYPE 3 INST mb_usb_hdmi_top__GC0 PIN 15 TYPE 3 INST mb_usb_hdmi_top__GC0 PIN 16 TYPE 3 INST mb_usb_hdmi_top__GC0 PIN 17 TYPE 3 INST mb_usb_hdmi_top__GC0 PIN 18 TYPE 3 INST mb_usb_hdmi_top__GC0 PIN 19 TYPE 3
INST mb_usb_hdmi_top__GC0 PIN 12: INST NON_GENOME PIN 25 TYPE 1 GENOME mb_usb_hdmi_top__GC0 PIN 12
INST mb_usb_hdmi_top__GC0 PIN 13: INST NON_GENOME PIN 26 TYPE 1 GENOME mb_usb_hdmi_top__GC0 PIN 13
INST mb_usb_hdmi_top__GC0 PIN 8: INST mb_usb_hdmi_top__GC0 PIN 20 TYPE 2 INST NON_GENOME PIN 33 TYPE 4
INST mb_usb_hdmi_top__GC0 PIN 9: INST mb_usb_hdmi_top__GC0 PIN 21 TYPE 2 INST NON_GENOME PIN 34 TYPE 4
INST mb_usb_hdmi_top__GC0 PIN 10: INST mb_usb_hdmi_top__GC0 PIN 22 TYPE 2 INST NON_GENOME PIN 35 TYPE 4
INST mb_usb_hdmi_top__GC0 PIN 11: INST mb_usb_hdmi_top__GC0 PIN 23 TYPE 2 INST NON_GENOME PIN 36 TYPE 4
INST mb_usb_hdmi_top__GC0 PIN 3: GENOME mb_usb_hdmi_top__GC0 PIN 3
INST mb_usb_hdmi_top__GC0 PIN 4: GENOME mb_usb_hdmi_top__GC0 PIN 4
INST mb_usb_hdmi_top__GC0 PIN 5: GENOME mb_usb_hdmi_top__GC0 PIN 5
INST mb_usb_hdmi_top__GC0 PIN 6: GENOME mb_usb_hdmi_top__GC0 PIN 6
INST mb_usb_hdmi_top__GC0 PIN 7: GENOME mb_usb_hdmi_top__GC0 PIN 7
INST mb_usb_hdmi_top__GC0 PIN 14: GENOME mb_usb_hdmi_top__GC0 PIN 14
INST mb_usb_hdmi_top__GC0 PIN 15: GENOME mb_usb_hdmi_top__GC0 PIN 15
INST mb_usb_hdmi_top__GC0 PIN 16: GENOME mb_usb_hdmi_top__GC0 PIN 16
INST mb_usb_hdmi_top__GC0 PIN 17: GENOME mb_usb_hdmi_top__GC0 PIN 17
INST mb_usb_hdmi_top__GC0 PIN 18: GENOME mb_usb_hdmi_top__GC0 PIN 18
INST mb_usb_hdmi_top__GC0 PIN 19: GENOME mb_usb_hdmi_top__GC0 PIN 19
INST mb_usb_hdmi_top__GC0 PIN 20: GENOME mb_usb_hdmi_top__GC0 PIN 20
INST mb_usb_hdmi_top__GC0 PIN 21: GENOME mb_usb_hdmi_top__GC0 PIN 21
INST mb_usb_hdmi_top__GC0 PIN 22: GENOME mb_usb_hdmi_top__GC0 PIN 22
INST mb_usb_hdmi_top__GC0 PIN 23: GENOME mb_usb_hdmi_top__GC0 PIN 23
INST mb_usb_hdmi_top__GC0 PIN 69: GENOME mb_usb_hdmi_top__GC0 PIN 69
INST mb_usb_hdmi_top__GC0 PIN 70: GENOME mb_usb_hdmi_top__GC0 PIN 70
INST mb_usb_hdmi_top__GC0 PIN 80: GENOME mb_usb_hdmi_top__GC0 PIN 80
GENOME NON_GENOME PIN 2: GENOME NON_GENOME PIN 3 GENOME NON_GENOME PIN 4 GENOME NON_GENOME PIN 7
GENOME NON_GENOME PIN 3: GENOME NON_GENOME PIN 2 GENOME NON_GENOME PIN 582
GENOME NON_GENOME PIN 4: GENOME NON_GENOME PIN 2 GENOME NON_GENOME PIN 581
GENOME NON_GENOME PIN 91: GENOME NON_GENOME PIN 5 GENOME NON_GENOME PIN 6 GENOME NON_GENOME PIN 14 GENOME NON_GENOME PIN 15 GENOME NON_GENOME PIN 16 GENOME NON_GENOME PIN 17 GENOME NON_GENOME PIN 18 GENOME NON_GENOME PIN 19
GENOME NON_GENOME PIN 5: GENOME NON_GENOME PIN 91 GENOME NON_GENOME PIN 580
GENOME NON_GENOME PIN 6: GENOME NON_GENOME PIN 91 GENOME NON_GENOME PIN 579
GENOME NON_GENOME PIN 7: GENOME NON_GENOME PIN 2 GENOME NON_GENOME PIN 578
GENOME NON_GENOME PIN 14: GENOME NON_GENOME PIN 91 GENOME NON_GENOME PIN 571
GENOME NON_GENOME PIN 15: GENOME NON_GENOME PIN 91 GENOME NON_GENOME PIN 31 GENOME NON_GENOME PIN 183
GENOME NON_GENOME PIN 16: GENOME NON_GENOME PIN 91 GENOME NON_GENOME PIN 8 GENOME NON_GENOME PIN 182
GENOME NON_GENOME PIN 17: GENOME NON_GENOME PIN 91 GENOME NON_GENOME PIN 181
GENOME NON_GENOME PIN 18: GENOME NON_GENOME PIN 91 GENOME NON_GENOME PIN 180
GENOME NON_GENOME PIN 19: GENOME NON_GENOME PIN 91 GENOME NON_GENOME PIN 179
GENOME NON_GENOME PIN 8: GENOME NON_GENOME PIN 20 GENOME NON_GENOME PIN 16 GENOME NON_GENOME PIN 577
GENOME NON_GENOME PIN 20: GENOME NON_GENOME PIN 8 GENOME NON_GENOME PIN 178
GENOME NON_GENOME PIN 9: GENOME NON_GENOME PIN 21 GENOME NON_GENOME PIN 576
GENOME NON_GENOME PIN 21: GENOME NON_GENOME PIN 9 GENOME NON_GENOME PIN 177
GENOME NON_GENOME PIN 10: GENOME NON_GENOME PIN 22 GENOME NON_GENOME PIN 575
GENOME NON_GENOME PIN 22: GENOME NON_GENOME PIN 10
GENOME NON_GENOME PIN 11: GENOME NON_GENOME PIN 23 GENOME NON_GENOME PIN 574
GENOME NON_GENOME PIN 23: GENOME NON_GENOME PIN 11
INST game_state_machine__GB2 PIN 1: GENOME game_state_machine__GB2 PIN 1
INST game_state_machine__GB2 PIN 24: GENOME game_state_machine__GB2 PIN 24
INST game_state_machine__GB2 PIN 26: GENOME game_state_machine__GB2 PIN 26
INST game_state_machine__GB2 PIN 27: GENOME game_state_machine__GB2 PIN 27
INST game_state_machine__GB2 PIN 28: GENOME game_state_machine__GB2 PIN 28
INST game_state_machine__GB2 PIN 29: GENOME game_state_machine__GB2 PIN 29
INST game_state_machine__GB2 PIN 30: GENOME game_state_machine__GB2 PIN 30
INST game_state_machine__GB2 PIN 31: GENOME game_state_machine__GB2 PIN 31
GENOME NON_GENOME PIN 0: GENOME NON_GENOME PIN 1
GENOME NON_GENOME PIN 1: GENOME NON_GENOME PIN 0
GENOME NON_GENOME PIN 687: GENOME NON_GENOME PIN 24
GENOME NON_GENOME PIN 24: GENOME NON_GENOME PIN 687
GENOME NON_GENOME PIN 31: GENOME NON_GENOME PIN 15
INST game_state_machine__GB0 PIN 663: GENOME game_state_machine__GB0 PIN 663 INST game_state_machine__GB2 PIN 0 TYPE 5
INST game_state_machine__GB0 PIN 662: GENOME game_state_machine__GB0 PIN 662
GENOME NON_GENOME PIN 662: GENOME NON_GENOME PIN 663
GENOME NON_GENOME PIN 663: GENOME NON_GENOME PIN 662
REEXTRACT_GENOME: GENOME game_state_machine__GB4 GENOME game_state_machine__GB0 GENOME game_state_machine__GB2 GENOME game_state_machine__GB1
game_state_machine__GB4: GENOME game_state_machine__GB0 GENOME game_state_machine__GB2 GENOME game_state_machine__GB1 GENOME mb_usb_hdmi_top_GT0
game_state_machine__GB0: GENOME game_state_machine__GB4 GENOME game_state_machine__GB2 GENOME game_state_machine__GB1 GENOME mb_usb_hdmi_top_GT0
game_state_machine__GB2: GENOME game_state_machine__GB4 GENOME game_state_machine__GB0 GENOME game_state_machine__GB1 GENOME mb_usb_hdmi_top_GT0
game_state_machine__GB1: GENOME game_state_machine__GB4 GENOME game_state_machine__GB0 GENOME game_state_machine__GB2 GENOME mb_usb_hdmi_top_GT0
DISSOLVE_GENOME: GENOME game_state_machine__GB4 GENOME game_state_machine__GB0 GENOME game_state_machine__GB2 GENOME game_state_machine__GB1
GENOME NON_GENOME PIN 177: GENOME NON_GENOME PIN 21
GENOME NON_GENOME PIN 178: GENOME NON_GENOME PIN 20
GENOME NON_GENOME PIN 179: GENOME NON_GENOME PIN 19
GENOME NON_GENOME PIN 180: GENOME NON_GENOME PIN 18
GENOME NON_GENOME PIN 181: GENOME NON_GENOME PIN 17
GENOME NON_GENOME PIN 182: GENOME NON_GENOME PIN 16
GENOME NON_GENOME PIN 183: GENOME NON_GENOME PIN 15
GENOME NON_GENOME PIN 571: GENOME NON_GENOME PIN 14
GENOME NON_GENOME PIN 13: GENOME NON_GENOME PIN 572
GENOME NON_GENOME PIN 572: GENOME NON_GENOME PIN 13
GENOME NON_GENOME PIN 12: GENOME NON_GENOME PIN 573
GENOME NON_GENOME PIN 573: GENOME NON_GENOME PIN 12
GENOME NON_GENOME PIN 574: GENOME NON_GENOME PIN 11
GENOME NON_GENOME PIN 575: GENOME NON_GENOME PIN 10
GENOME NON_GENOME PIN 576: GENOME NON_GENOME PIN 9
GENOME NON_GENOME PIN 577: GENOME NON_GENOME PIN 8
GENOME NON_GENOME PIN 578: GENOME NON_GENOME PIN 7
GENOME NON_GENOME PIN 579: GENOME NON_GENOME PIN 6
GENOME NON_GENOME PIN 580: GENOME NON_GENOME PIN 5
GENOME NON_GENOME PIN 581: GENOME NON_GENOME PIN 4
GENOME NON_GENOME PIN 582: GENOME NON_GENOME PIN 3
