04:53:30 DEBUG : Logs will be stored at 'C:/Users/johna/Tetris-FPGA/IDE.log'.
04:53:34 INFO  : Launching XSCT server: xsct.bat -n  -interactive C:\Users\johna\Tetris-FPGA\temp_xsdb_launch_script.tcl
04:53:34 INFO  : Platform repository initialization has completed.
04:53:35 INFO  : Registering command handlers for Vitis TCF services
04:53:39 INFO  : XSCT server has started successfully.
04:53:40 INFO  : Successfully done setting XSCT server connection channel  
04:53:40 INFO  : plnx-install-location is set to ''
04:53:40 INFO  : Successfully done query RDI_DATADIR 
04:53:40 INFO  : Successfully done setting workspace for the tool. 
04:53:58 INFO  : Result from executing command 'getProjects': pls
04:53:58 INFO  : Result from executing command 'getPlatforms': 
04:53:58 WARN  : An unexpected exception occurred in the module 'platform project logging'
04:53:59 INFO  : Platform 'pls' is added to custom repositories.
04:54:05 INFO  : Platform 'pls' is added to custom repositories.
04:57:10 INFO  : Result from executing command 'getProjects': pls
04:57:10 INFO  : Result from executing command 'getPlatforms': pls|C:/Users/johna/Tetris-FPGA/pls/export/pls/pls.xpfm
04:57:10 INFO  : Checking for BSP changes to sync application flags for project 'asdf'...
04:57:36 INFO  : Connected to target on host '127.0.0.1' and port '3121'.
04:57:36 INFO  : Jtag cable 'RealDigital Boo 88710000000BA' is selected.
04:57:36 INFO  : 'jtag frequency' command is executed.
04:57:36 INFO  : 'targets -set -filter {jtag_cable_name =~ "RealDigital Boo 88710000000BA" && level==0 && jtag_device_ctx=="jsn1-0362f093-0"}' command is executed.
04:57:37 INFO  : Device configured successfully with "C:/Users/johna/Tetris-FPGA/asdf/_ide/bitstream/pls.bit"
04:57:37 INFO  : Context for processor 'microblaze_0' is selected.
04:57:37 INFO  : Hardware design and registers information is loaded from 'C:/Users/johna/Tetris-FPGA/pls/export/pls/hw/pls.xsa'.
04:57:37 INFO  : 'configparams mdm-detect-bscan-mask 2' command is executed.
04:57:37 INFO  : Context for processor 'microblaze_0' is selected.
04:57:37 INFO  : System reset is completed.
04:57:40 INFO  : 'after 3000' command is executed.
04:57:40 INFO  : Context for processor 'microblaze_0' is selected.
04:57:41 INFO  : The application 'C:/Users/johna/Tetris-FPGA/asdf/Debug/asdf.elf' is downloaded to processor 'microblaze_0'.
04:57:41 INFO  : ----------------XSDB Script----------------
connect -url tcp:127.0.0.1:3121
targets -set -filter {jtag_cable_name =~ "RealDigital Boo 88710000000BA" && level==0 && jtag_device_ctx=="jsn1-0362f093-0"}
fpga -file C:/Users/johna/Tetris-FPGA/asdf/_ide/bitstream/pls.bit
targets -set -nocase -filter {name =~ "*microblaze*#0" && bscan=="USER2" }
loadhw -hw C:/Users/johna/Tetris-FPGA/pls/export/pls/hw/pls.xsa -regs
configparams mdm-detect-bscan-mask 2
targets -set -nocase -filter {name =~ "*microblaze*#0" && bscan=="USER2" }
rst -system
after 3000
targets -set -nocase -filter {name =~ "*microblaze*#0" && bscan=="USER2" }
dow C:/Users/johna/Tetris-FPGA/asdf/Debug/asdf.elf
----------------End of Script----------------

04:57:41 INFO  : Context for processor 'microblaze_0' is selected.
04:57:41 INFO  : 'con' command is executed.
04:57:41 INFO  : ----------------XSDB Script (After Launch)----------------
targets -set -nocase -filter {name =~ "*microblaze*#0" && bscan=="USER2" }
con
----------------End of Script----------------

04:57:41 INFO  : Launch script is exported to file 'C:\Users\johna\Tetris-FPGA\asdf_system\_ide\scripts\debugger_asdf-default.tcl'
05:08:14 DEBUG : Logs will be stored at 'C:/Users/johna/Tetris-FPGA/IDE.log'.
05:08:14 INFO  : Launching XSCT server: xsct.bat -n  -interactive C:\Users\johna\Tetris-FPGA\temp_xsdb_launch_script.tcl
05:08:21 INFO  : XSCT server has started successfully.
05:08:21 INFO  : Successfully done setting XSCT server connection channel  
05:08:21 INFO  : plnx-install-location is set to ''
05:08:21 INFO  : Successfully done setting workspace for the tool. 
05:08:22 INFO  : Platform repository initialization has completed.
05:08:22 INFO  : Registering command handlers for Vitis TCF services
05:08:22 INFO  : Successfully done query RDI_DATADIR 
05:08:40 INFO  : Connected to target on host '127.0.0.1' and port '3121'.
05:08:40 INFO  : Jtag cable 'RealDigital Boo 88710000000BA' is selected.
05:08:40 INFO  : 'jtag frequency' command is executed.
05:08:40 INFO  : 'targets -set -filter {jtag_cable_name =~ "RealDigital Boo 88710000000BA" && level==0 && jtag_device_ctx=="jsn1-0362f093-0"}' command is executed.
05:08:42 INFO  : Device configured successfully with "C:/Users/johna/Tetris-FPGA/asdf/_ide/bitstream/pls.bit"
05:08:42 INFO  : Context for processor 'microblaze_0' is selected.
05:08:42 INFO  : Hardware design and registers information is loaded from 'C:/Users/johna/Tetris-FPGA/pls/export/pls/hw/pls.xsa'.
05:08:42 INFO  : 'configparams mdm-detect-bscan-mask 2' command is executed.
05:08:42 INFO  : Context for processor 'microblaze_0' is selected.
05:08:42 INFO  : System reset is completed.
05:08:45 INFO  : 'after 3000' command is executed.
05:08:45 INFO  : Context for processor 'microblaze_0' is selected.
05:08:45 INFO  : The application 'C:/Users/johna/Tetris-FPGA/asdf/Debug/asdf.elf' is downloaded to processor 'microblaze_0'.
05:08:45 INFO  : ----------------XSDB Script----------------
connect -url tcp:127.0.0.1:3121
targets -set -filter {jtag_cable_name =~ "RealDigital Boo 88710000000BA" && level==0 && jtag_device_ctx=="jsn1-0362f093-0"}
fpga -file C:/Users/johna/Tetris-FPGA/asdf/_ide/bitstream/pls.bit
targets -set -nocase -filter {name =~ "*microblaze*#0" && bscan=="USER2" }
loadhw -hw C:/Users/johna/Tetris-FPGA/pls/export/pls/hw/pls.xsa -regs
configparams mdm-detect-bscan-mask 2
targets -set -nocase -filter {name =~ "*microblaze*#0" && bscan=="USER2" }
rst -system
after 3000
targets -set -nocase -filter {name =~ "*microblaze*#0" && bscan=="USER2" }
dow C:/Users/johna/Tetris-FPGA/asdf/Debug/asdf.elf
----------------End of Script----------------

05:08:45 INFO  : Context for processor 'microblaze_0' is selected.
05:08:45 INFO  : 'con' command is executed.
05:08:45 INFO  : ----------------XSDB Script (After Launch)----------------
targets -set -nocase -filter {name =~ "*microblaze*#0" && bscan=="USER2" }
con
----------------End of Script----------------

05:08:45 INFO  : Launch script is exported to file 'C:\Users\johna\Tetris-FPGA\asdf_system\_ide\scripts\debugger_asdf-default.tcl'
05:10:55 INFO  : Disconnected from the channel tcfchan#1.
05:10:56 INFO  : Connected to target on host '127.0.0.1' and port '3121'.
05:11:05 INFO  : ----------------XSDB Script----------------
connect -url tcp:127.0.0.1:3121
----------------End of Script----------------

05:11:05 ERROR : Could not find FPGA device on the board for connection 'Local'.


Troubleshooting hints:
1. Check whether board is connected to system properly.
2. In case of zynq board, check whether Digilent/Xilinx cable switch settings are correct.
3. If you are using Xilinx Platform Cable USB, ensure that status LED is green.
05:11:21 INFO  : Connected to target on host '127.0.0.1' and port '3121'.
05:11:21 INFO  : Jtag cable 'RealDigital Boo 88710000000BA' is selected.
05:11:21 INFO  : 'jtag frequency' command is executed.
05:11:22 INFO  : 'targets -set -filter {jtag_cable_name =~ "RealDigital Boo 88710000000BA" && level==0 && jtag_device_ctx=="jsn1-0362f093-0"}' command is executed.
05:11:23 INFO  : Device configured successfully with "C:/Users/johna/Tetris-FPGA/asdf/_ide/bitstream/pls.bit"
05:11:23 INFO  : Context for processor 'microblaze_0' is selected.
05:11:23 INFO  : Hardware design and registers information is loaded from 'C:/Users/johna/Tetris-FPGA/pls/export/pls/hw/pls.xsa'.
05:11:23 INFO  : 'configparams mdm-detect-bscan-mask 2' command is executed.
05:11:23 INFO  : Context for processor 'microblaze_0' is selected.
05:11:23 INFO  : System reset is completed.
05:11:26 INFO  : 'after 3000' command is executed.
05:11:26 INFO  : Context for processor 'microblaze_0' is selected.
05:11:27 INFO  : The application 'C:/Users/johna/Tetris-FPGA/asdf/Debug/asdf.elf' is downloaded to processor 'microblaze_0'.
05:11:27 INFO  : ----------------XSDB Script----------------
connect -url tcp:127.0.0.1:3121
targets -set -filter {jtag_cable_name =~ "RealDigital Boo 88710000000BA" && level==0 && jtag_device_ctx=="jsn1-0362f093-0"}
fpga -file C:/Users/johna/Tetris-FPGA/asdf/_ide/bitstream/pls.bit
targets -set -nocase -filter {name =~ "*microblaze*#0" && bscan=="USER2" }
loadhw -hw C:/Users/johna/Tetris-FPGA/pls/export/pls/hw/pls.xsa -regs
configparams mdm-detect-bscan-mask 2
targets -set -nocase -filter {name =~ "*microblaze*#0" && bscan=="USER2" }
rst -system
after 3000
targets -set -nocase -filter {name =~ "*microblaze*#0" && bscan=="USER2" }
dow C:/Users/johna/Tetris-FPGA/asdf/Debug/asdf.elf
----------------End of Script----------------

05:11:27 INFO  : Context for processor 'microblaze_0' is selected.
05:11:27 INFO  : 'con' command is executed.
05:11:27 INFO  : ----------------XSDB Script (After Launch)----------------
targets -set -nocase -filter {name =~ "*microblaze*#0" && bscan=="USER2" }
con
----------------End of Script----------------

05:11:27 INFO  : Launch script is exported to file 'C:\Users\johna\Tetris-FPGA\asdf_system\_ide\scripts\debugger_asdf-default.tcl'
07:18:20 INFO  : Disconnected from the channel tcfchan#2.
07:18:31 DEBUG : Logs will be stored at 'C:/Users/johna/Tetris-FPGA/IDE.log'.
07:18:31 INFO  : Launching XSCT server: xsct.bat -n  -interactive C:\Users\johna\Tetris-FPGA\temp_xsdb_launch_script.tcl
07:18:35 INFO  : XSCT server has started successfully.
07:18:35 ERROR : Error encountered while initializing user repository paths
Reason: No Platforms Found.


07:18:35 INFO  : Platform repository initialization has completed.
07:18:36 INFO  : Registering command handlers for Vitis TCF services
07:18:36 INFO  : plnx-install-location is set to ''
07:18:36 INFO  : Successfully done setting XSCT server connection channel  
07:18:36 INFO  : Successfully done query RDI_DATADIR 
07:18:36 INFO  : Successfully done setting workspace for the tool. 
07:20:22 DEBUG : Logs will be stored at 'C:/Users/johna/Tetris-FPGA/IDE.log'.
07:20:24 INFO  : Launching XSCT server: xsct.bat -n  -interactive C:\Users\johna\Tetris-FPGA\temp_xsdb_launch_script.tcl
07:20:25 ERROR : Error encountered while initializing user repository paths
Reason: No Platforms Found.


07:20:25 INFO  : Platform repository initialization has completed.
07:20:25 INFO  : Registering command handlers for Vitis TCF services
07:20:28 INFO  : XSCT server has started successfully.
07:20:28 INFO  : Successfully done setting XSCT server connection channel  
07:20:29 INFO  : plnx-install-location is set to ''
07:20:29 INFO  : Successfully done setting workspace for the tool. 
07:20:29 INFO  : Successfully done query RDI_DATADIR 
